<?xml version="1.0" encoding="UTF-8"?>
<!-- Generated by org.testng.reporters.JUnitReportReporter -->
<testsuite hostname="LAPTOP-P7INNGLR" failures="0" tests="2" name="com.ninza.hrm.api.employetest.EmployeeTest" time="1.757" errors="0" timestamp="2024-11-25T17:52:48 IST" skipped="0">
  <testcase classname="com.ninza.hrm.api.employetest.EmployeeTest" name="addEmployeewithoutEmailTest" time="0.152"/>
  <system-out/>
  <testcase classname="com.ninza.hrm.api.employetest.EmployeeTest" name="addEmployeeTest" time="1.605"/>
  <system-out/>
</testsuite> <!-- com.ninza.hrm.api.employetest.EmployeeTest -->
